<?xml version="1.0" encoding="utf-8"?><testsuites name="pytest tests"><testsuite name="pytest" errors="0" failures="0" skipped="0" tests="15" time="2.877" timestamp="2026-09-17T23:34:37.609503+00:00" hostname="agent-env-7ac61059-fb17-4cba-b328-b8c0d36e486e"><testcase classname="tests.backend_test.TestAuth" name="test_login_invalid" time="0.550" /><testcase classname="tests.backend_test.TestAuth" name="test_me" time="0.532" /><testcase classname="tests.backend_test.TestInvoices" name="test_load_demo" time="0.075" /><testcase classname="tests.backend_test.TestInvoices" name="test_list_invoices" time="0.071" /><testcase classname="tests.backend_test.TestInvoices" name="test_sync_no_config" time="0.068" /><testcase classname="tests.backend_test.TestInvoices" name="test_remind_email_fails_gracefully" time="0.203" /><testcase classname="tests.backend_test.TestInvoices" name="test_toggle_auto" time="0.137" /><testcase classname="tests.backend_test.TestLogs" name="test_logs_returned" time="0.067" /><testcase classname="tests.backend_test.TestSettings" name="test_get_settings_masked" time="0.070" /><testcase classname="tests.backend_test.TestSettings" name="test_put_settings_preserve_masked_secret" time="0.688" /><testcase classname="tests.backend_test.TestSettings" name="test_reset_settings" time="0.067" /><testcase classname="tests.backend_test.TestDiscord" name="test_discord_test_no_webhook" time="0.070" /><testcase classname="tests.backend_test.TestCron" name="test_cron_unauthorized" time="0.068" /><testcase classname="tests.backend_test.TestCron" name="test_cron_wrong_token" time="0.066" /><testcase classname="tests.backend_test.TestCron" name="test_cron_valid" time="0.068" /></testsuite></testsuites>